<?xml version="1.0" encoding="UTF-8"?>
<testng-results skipped="0" failed="0" ignored="0" total="1" passed="1">
  <reporter-output>
  </reporter-output>
  <suite name="Default suite" duration-ms="328863" started-at="2019-06-12T09:19:32Z" finished-at="2019-06-12T09:25:01Z">
    <groups>
    </groups>
    <test name="Default test" duration-ms="328863" started-at="2019-06-12T09:19:32Z" finished-at="2019-06-12T09:25:01Z">
      <class name="com.propertyradar.phonenumbercollection.PhonenumberReterivalIdSearch">
        <test-method status="PASS" signature="getphonumber()[pri:0, instance:com.propertyradar.phonenumbercollection.PhonenumberReterivalIdSearch@32eebfca]" name="getphonumber" duration-ms="328832" started-at="2019-06-12T09:19:32Z" finished-at="2019-06-12T09:25:01Z">
          <reporter-output>
          </reporter-output>
        </test-method> <!-- getphonumber -->
      </class> <!-- com.propertyradar.phonenumbercollection.PhonenumberReterivalIdSearch -->
    </test> <!-- Default test -->
  </suite> <!-- Default suite -->
</testng-results>
